[0.285s] Invoking command in '/home/asemiz/ros2_ws/build/holoocean_ros2_bridge': PYTHONPATH=/home/asemiz/ros2_ws/build/holoocean_ros2_bridge/prefix_override:/usr/lib/python3/dist-packages/colcon_core/task/python/colcon_distutils_commands:/home/asemiz/ros2_ws/install/holoocean_ros2_bridge/lib/python3.10/site-packages:${PYTHONPATH} /usr/bin/python3 -W ignore:setup.py install is deprecated -W ignore:easy_install command is deprecated setup.py develop --editable --build-directory /home/asemiz/ros2_ws/build/holoocean_ros2_bridge/build --no-deps symlink_data
[0.408s] running develop
[0.477s] running egg_info
[0.477s] writing holoocean_ros2_bridge.egg-info/PKG-INFO
[0.477s] writing dependency_links to holoocean_ros2_bridge.egg-info/dependency_links.txt
[0.477s] writing entry points to holoocean_ros2_bridge.egg-info/entry_points.txt
[0.477s] writing requirements to holoocean_ros2_bridge.egg-info/requires.txt
[0.477s] writing top-level names to holoocean_ros2_bridge.egg-info/top_level.txt
[0.478s] reading manifest file 'holoocean_ros2_bridge.egg-info/SOURCES.txt'
[0.479s] writing manifest file 'holoocean_ros2_bridge.egg-info/SOURCES.txt'
[0.479s] running build_ext
[0.479s] Creating /home/asemiz/ros2_ws/install/holoocean_ros2_bridge/lib/python3.10/site-packages/holoocean-ros2-bridge.egg-link (link to .)
[0.480s] Installing dashboard_server script to /home/asemiz/ros2_ws/install/holoocean_ros2_bridge/lib/holoocean_ros2_bridge
[0.480s] Installing holoocean_bridge script to /home/asemiz/ros2_ws/install/holoocean_ros2_bridge/lib/holoocean_ros2_bridge
[0.480s] Installing vessel_teleop script to /home/asemiz/ros2_ws/install/holoocean_ros2_bridge/lib/holoocean_ros2_bridge
[0.480s] 
[0.480s] Installed /home/asemiz/ros2_ws/build/holoocean_ros2_bridge
[0.480s] running symlink_data
[0.480s] symbolically linking /home/asemiz/ros2_ws/build/holoocean_ros2_bridge/dashboard/asv_dashboard.html -> /home/asemiz/ros2_ws/install/holoocean_ros2_bridge/share/holoocean_ros2_bridge/dashboard
[0.492s] Invoked command in '/home/asemiz/ros2_ws/build/holoocean_ros2_bridge' returned '0': PYTHONPATH=/home/asemiz/ros2_ws/build/holoocean_ros2_bridge/prefix_override:/usr/lib/python3/dist-packages/colcon_core/task/python/colcon_distutils_commands:/home/asemiz/ros2_ws/install/holoocean_ros2_bridge/lib/python3.10/site-packages:${PYTHONPATH} /usr/bin/python3 -W ignore:setup.py install is deprecated -W ignore:easy_install command is deprecated setup.py develop --editable --build-directory /home/asemiz/ros2_ws/build/holoocean_ros2_bridge/build --no-deps symlink_data
