running egg_info
creating ../../build/holoocean_ros2_bridge/holoocean_ros2_bridge.egg-info
writing ../../build/holoocean_ros2_bridge/holoocean_ros2_bridge.egg-info/PKG-INFO
writing dependency_links to ../../build/holoocean_ros2_bridge/holoocean_ros2_bridge.egg-info/dependency_links.txt
writing entry points to ../../build/holoocean_ros2_bridge/holoocean_ros2_bridge.egg-info/entry_points.txt
writing requirements to ../../build/holoocean_ros2_bridge/holoocean_ros2_bridge.egg-info/requires.txt
writing top-level names to ../../build/holoocean_ros2_bridge/holoocean_ros2_bridge.egg-info/top_level.txt
writing manifest file '../../build/holoocean_ros2_bridge/holoocean_ros2_bridge.egg-info/SOURCES.txt'
reading manifest file '../../build/holoocean_ros2_bridge/holoocean_ros2_bridge.egg-info/SOURCES.txt'
writing manifest file '../../build/holoocean_ros2_bridge/holoocean_ros2_bridge.egg-info/SOURCES.txt'
running build
running build_py
creating /home/asemiz/ros2_ws/build/holoocean_ros2_bridge/build
creating /home/asemiz/ros2_ws/build/holoocean_ros2_bridge/build/lib
creating /home/asemiz/ros2_ws/build/holoocean_ros2_bridge/build/lib/holoocean_ros2_bridge
copying holoocean_ros2_bridge/holoocean_bridge_node.py -> /home/asemiz/ros2_ws/build/holoocean_ros2_bridge/build/lib/holoocean_ros2_bridge
copying holoocean_ros2_bridge/vessel_teleop_node.py -> /home/asemiz/ros2_ws/build/holoocean_ros2_bridge/build/lib/holoocean_ros2_bridge
copying holoocean_ros2_bridge/__init__.py -> /home/asemiz/ros2_ws/build/holoocean_ros2_bridge/build/lib/holoocean_ros2_bridge
running install
running install_lib
creating /home/asemiz/ros2_ws/install/holoocean_ros2_bridge/lib/python3.10/site-packages/holoocean_ros2_bridge
copying /home/asemiz/ros2_ws/build/holoocean_ros2_bridge/build/lib/holoocean_ros2_bridge/holoocean_bridge_node.py -> /home/asemiz/ros2_ws/install/holoocean_ros2_bridge/lib/python3.10/site-packages/holoocean_ros2_bridge
copying /home/asemiz/ros2_ws/build/holoocean_ros2_bridge/build/lib/holoocean_ros2_bridge/vessel_teleop_node.py -> /home/asemiz/ros2_ws/install/holoocean_ros2_bridge/lib/python3.10/site-packages/holoocean_ros2_bridge
copying /home/asemiz/ros2_ws/build/holoocean_ros2_bridge/build/lib/holoocean_ros2_bridge/__init__.py -> /home/asemiz/ros2_ws/install/holoocean_ros2_bridge/lib/python3.10/site-packages/holoocean_ros2_bridge
byte-compiling /home/asemiz/ros2_ws/install/holoocean_ros2_bridge/lib/python3.10/site-packages/holoocean_ros2_bridge/holoocean_bridge_node.py to holoocean_bridge_node.cpython-310.pyc
byte-compiling /home/asemiz/ros2_ws/install/holoocean_ros2_bridge/lib/python3.10/site-packages/holoocean_ros2_bridge/vessel_teleop_node.py to vessel_teleop_node.cpython-310.pyc
byte-compiling /home/asemiz/ros2_ws/install/holoocean_ros2_bridge/lib/python3.10/site-packages/holoocean_ros2_bridge/__init__.py to __init__.cpython-310.pyc
running install_data
creating /home/asemiz/ros2_ws/install/holoocean_ros2_bridge/share/ament_index
creating /home/asemiz/ros2_ws/install/holoocean_ros2_bridge/share/ament_index/resource_index
creating /home/asemiz/ros2_ws/install/holoocean_ros2_bridge/share/ament_index/resource_index/packages
copying resource/holoocean_ros2_bridge -> /home/asemiz/ros2_ws/install/holoocean_ros2_bridge/share/ament_index/resource_index/packages
copying package.xml -> /home/asemiz/ros2_ws/install/holoocean_ros2_bridge/share/holoocean_ros2_bridge
creating /home/asemiz/ros2_ws/install/holoocean_ros2_bridge/share/holoocean_ros2_bridge/launch
copying launch/bridge.launch.py -> /home/asemiz/ros2_ws/install/holoocean_ros2_bridge/share/holoocean_ros2_bridge/launch
creating /home/asemiz/ros2_ws/install/holoocean_ros2_bridge/share/holoocean_ros2_bridge/config
copying config/surface_mapping_scenario.json -> /home/asemiz/ros2_ws/install/holoocean_ros2_bridge/share/holoocean_ros2_bridge/config
creating /home/asemiz/ros2_ws/install/holoocean_ros2_bridge/share/holoocean_ros2_bridge/rviz
copying rviz/mapping.rviz -> /home/asemiz/ros2_ws/install/holoocean_ros2_bridge/share/holoocean_ros2_bridge/rviz
running install_egg_info
Copying ../../build/holoocean_ros2_bridge/holoocean_ros2_bridge.egg-info to /home/asemiz/ros2_ws/install/holoocean_ros2_bridge/lib/python3.10/site-packages/holoocean_ros2_bridge-1.0.0-py3.10.egg-info
running install_scripts
Installing holoocean_bridge script to /home/asemiz/ros2_ws/install/holoocean_ros2_bridge/lib/holoocean_ros2_bridge
Installing vessel_teleop script to /home/asemiz/ros2_ws/install/holoocean_ros2_bridge/lib/holoocean_ros2_bridge
writing list of installed files to '/home/asemiz/ros2_ws/build/holoocean_ros2_bridge/install.log'
