/home/asemiz/ros2_ws/install/holoocean_ros2_bridge/lib/python3.10/site-packages/holoocean_ros2_bridge/holoocean_bridge_node.py
/home/asemiz/ros2_ws/install/holoocean_ros2_bridge/lib/python3.10/site-packages/holoocean_ros2_bridge/dashboard_server_node.py
/home/asemiz/ros2_ws/install/holoocean_ros2_bridge/lib/python3.10/site-packages/holoocean_ros2_bridge/fossen_dynamics.py
/home/asemiz/ros2_ws/install/holoocean_ros2_bridge/lib/python3.10/site-packages/holoocean_ros2_bridge/vessel_teleop_node.py
/home/asemiz/ros2_ws/install/holoocean_ros2_bridge/lib/python3.10/site-packages/holoocean_ros2_bridge/__init__.py
/home/asemiz/ros2_ws/install/holoocean_ros2_bridge/lib/python3.10/site-packages/holoocean_ros2_bridge/__pycache__/holoocean_bridge_node.cpython-310.pyc
/home/asemiz/ros2_ws/install/holoocean_ros2_bridge/lib/python3.10/site-packages/holoocean_ros2_bridge/__pycache__/dashboard_server_node.cpython-310.pyc
/home/asemiz/ros2_ws/install/holoocean_ros2_bridge/lib/python3.10/site-packages/holoocean_ros2_bridge/__pycache__/fossen_dynamics.cpython-310.pyc
/home/asemiz/ros2_ws/install/holoocean_ros2_bridge/lib/python3.10/site-packages/holoocean_ros2_bridge/__pycache__/vessel_teleop_node.cpython-310.pyc
/home/asemiz/ros2_ws/install/holoocean_ros2_bridge/lib/python3.10/site-packages/holoocean_ros2_bridge/__pycache__/__init__.cpython-310.pyc
/home/asemiz/ros2_ws/install/holoocean_ros2_bridge/share/ament_index/resource_index/packages/holoocean_ros2_bridge
/home/asemiz/ros2_ws/install/holoocean_ros2_bridge/share/holoocean_ros2_bridge/package.xml
/home/asemiz/ros2_ws/install/holoocean_ros2_bridge/share/holoocean_ros2_bridge/launch/bridge.launch.py
/home/asemiz/ros2_ws/install/holoocean_ros2_bridge/share/holoocean_ros2_bridge/config/surface_mapping_scenario.json
/home/asemiz/ros2_ws/install/holoocean_ros2_bridge/share/holoocean_ros2_bridge/rviz/mapping.rviz
/home/asemiz/ros2_ws/install/holoocean_ros2_bridge/share/holoocean_ros2_bridge/scripts/vessel_teleop_wrapper.sh
/home/asemiz/ros2_ws/install/holoocean_ros2_bridge/share/holoocean_ros2_bridge/scripts/rviz2_wrapper.sh
/home/asemiz/ros2_ws/install/holoocean_ros2_bridge/share/holoocean_ros2_bridge/dashboard/asv_dashboard.html
/home/asemiz/ros2_ws/install/holoocean_ros2_bridge/lib/python3.10/site-packages/holoocean_ros2_bridge-1.0.0-py3.10.egg-info/requires.txt
/home/asemiz/ros2_ws/install/holoocean_ros2_bridge/lib/python3.10/site-packages/holoocean_ros2_bridge-1.0.0-py3.10.egg-info/SOURCES.txt
/home/asemiz/ros2_ws/install/holoocean_ros2_bridge/lib/python3.10/site-packages/holoocean_ros2_bridge-1.0.0-py3.10.egg-info/zip-safe
/home/asemiz/ros2_ws/install/holoocean_ros2_bridge/lib/python3.10/site-packages/holoocean_ros2_bridge-1.0.0-py3.10.egg-info/PKG-INFO
/home/asemiz/ros2_ws/install/holoocean_ros2_bridge/lib/python3.10/site-packages/holoocean_ros2_bridge-1.0.0-py3.10.egg-info/entry_points.txt
/home/asemiz/ros2_ws/install/holoocean_ros2_bridge/lib/python3.10/site-packages/holoocean_ros2_bridge-1.0.0-py3.10.egg-info/dependency_links.txt
/home/asemiz/ros2_ws/install/holoocean_ros2_bridge/lib/python3.10/site-packages/holoocean_ros2_bridge-1.0.0-py3.10.egg-info/top_level.txt
/home/asemiz/ros2_ws/install/holoocean_ros2_bridge/lib/holoocean_ros2_bridge/dashboard_server
/home/asemiz/ros2_ws/install/holoocean_ros2_bridge/lib/holoocean_ros2_bridge/holoocean_bridge
/home/asemiz/ros2_ws/install/holoocean_ros2_bridge/lib/holoocean_ros2_bridge/vessel_teleop
