[0.060s] DEBUG:colcon:Command line arguments: ['/usr/bin/colcon', 'build', '--packages-select', 'holoocean_ros2_bridge']
[0.060s] DEBUG:colcon:Parsed command line arguments: Namespace(log_base=None, log_level=None, verb_name='build', build_base='build', install_base='install', merge_install=False, symlink_install=False, test_result_base=None, continue_on_error=False, executor='parallel', parallel_workers=16, event_handlers=None, ignore_user_meta=False, metas=['./colcon.meta'], base_paths=['.'], packages_ignore=None, packages_ignore_regex=None, paths=None, packages_up_to=None, packages_up_to_regex=None, packages_above=None, packages_above_and_dependencies=None, packages_above_depth=None, packages_select_by_dep=None, packages_skip_by_dep=None, packages_skip_up_to=None, packages_select_build_failed=False, packages_skip_build_finished=False, packages_select_test_failures=False, packages_skip_test_passed=False, packages_select=['holoocean_ros2_bridge'], packages_skip=None, packages_select_regex=None, packages_skip_regex=None, packages_start=None, packages_end=None, allow_overriding=[], cmake_args=None, cmake_target=None, cmake_target_skip_unavailable=False, cmake_clean_cache=False, cmake_clean_first=False, cmake_force_configure=False, ament_cmake_args=None, catkin_cmake_args=None, catkin_skip_building_tests=False, verb_parser=<colcon_defaults.argument_parser.defaults.DefaultArgumentsDecorator object at 0x7d2b4263c340>, verb_extension=<colcon_core.verb.build.BuildVerb object at 0x7d2b4275de40>, main=<bound method BuildVerb.main of <colcon_core.verb.build.BuildVerb object at 0x7d2b4275de40>>)
[0.145s] Level 1:colcon.colcon_core.package_discovery:discover_packages(colcon_meta) check parameters
[0.146s] Level 1:colcon.colcon_core.package_discovery:discover_packages(recursive) check parameters
[0.146s] Level 1:colcon.colcon_core.package_discovery:discover_packages(ignore) check parameters
[0.146s] Level 1:colcon.colcon_core.package_discovery:discover_packages(path) check parameters
[0.146s] Level 1:colcon.colcon_core.package_discovery:discover_packages(colcon_meta) discover
[0.146s] Level 1:colcon.colcon_core.package_discovery:discover_packages(recursive) discover
[0.146s] INFO:colcon.colcon_core.package_discovery:Crawling recursively for packages in '/home/asemiz/ros2_ws'
[0.146s] Level 1:colcon.colcon_core.package_identification:_identify(.) by extensions ['ignore', 'ignore_ament_install']
[0.146s] Level 1:colcon.colcon_core.package_identification:_identify(.) by extension 'ignore'
[0.146s] Level 1:colcon.colcon_core.package_identification:_identify(.) by extension 'ignore_ament_install'
[0.146s] Level 1:colcon.colcon_core.package_identification:_identify(.) by extensions ['colcon_pkg']
[0.146s] Level 1:colcon.colcon_core.package_identification:_identify(.) by extension 'colcon_pkg'
[0.146s] Level 1:colcon.colcon_core.package_identification:_identify(.) by extensions ['colcon_meta']
[0.146s] Level 1:colcon.colcon_core.package_identification:_identify(.) by extension 'colcon_meta'
[0.146s] Level 1:colcon.colcon_core.package_identification:_identify(.) by extensions ['ros']
[0.146s] Level 1:colcon.colcon_core.package_identification:_identify(.) by extension 'ros'
[0.166s] Level 1:colcon.colcon_core.package_identification:_identify(.) by extensions ['cmake', 'python']
[0.166s] Level 1:colcon.colcon_core.package_identification:_identify(.) by extension 'cmake'
[0.167s] Level 1:colcon.colcon_core.package_identification:_identify(.) by extension 'python'
[0.167s] Level 1:colcon.colcon_core.package_identification:_identify(.) by extensions ['python_setup_py']
[0.167s] Level 1:colcon.colcon_core.package_identification:_identify(.) by extension 'python_setup_py'
[0.167s] Level 1:colcon.colcon_core.package_identification:_identify(build) by extensions ['ignore', 'ignore_ament_install']
[0.167s] Level 1:colcon.colcon_core.package_identification:_identify(build) by extension 'ignore'
[0.167s] Level 1:colcon.colcon_core.package_identification:_identify(build) ignored
[0.167s] Level 1:colcon.colcon_core.package_identification:_identify(install) by extensions ['ignore', 'ignore_ament_install']
[0.167s] Level 1:colcon.colcon_core.package_identification:_identify(install) by extension 'ignore'
[0.167s] Level 1:colcon.colcon_core.package_identification:_identify(install) ignored
[0.167s] Level 1:colcon.colcon_core.package_identification:_identify(log) by extensions ['ignore', 'ignore_ament_install']
[0.167s] Level 1:colcon.colcon_core.package_identification:_identify(log) by extension 'ignore'
[0.167s] Level 1:colcon.colcon_core.package_identification:_identify(log) ignored
[0.167s] Level 1:colcon.colcon_core.package_identification:_identify(src) by extensions ['ignore', 'ignore_ament_install']
[0.167s] Level 1:colcon.colcon_core.package_identification:_identify(src) by extension 'ignore'
[0.167s] Level 1:colcon.colcon_core.package_identification:_identify(src) by extension 'ignore_ament_install'
[0.167s] Level 1:colcon.colcon_core.package_identification:_identify(src) by extensions ['colcon_pkg']
[0.167s] Level 1:colcon.colcon_core.package_identification:_identify(src) by extension 'colcon_pkg'
[0.167s] Level 1:colcon.colcon_core.package_identification:_identify(src) by extensions ['colcon_meta']
[0.167s] Level 1:colcon.colcon_core.package_identification:_identify(src) by extension 'colcon_meta'
[0.167s] Level 1:colcon.colcon_core.package_identification:_identify(src) by extensions ['ros']
[0.167s] Level 1:colcon.colcon_core.package_identification:_identify(src) by extension 'ros'
[0.167s] Level 1:colcon.colcon_core.package_identification:_identify(src) by extensions ['cmake', 'python']
[0.167s] Level 1:colcon.colcon_core.package_identification:_identify(src) by extension 'cmake'
[0.167s] Level 1:colcon.colcon_core.package_identification:_identify(src) by extension 'python'
[0.167s] Level 1:colcon.colcon_core.package_identification:_identify(src) by extensions ['python_setup_py']
[0.167s] Level 1:colcon.colcon_core.package_identification:_identify(src) by extension 'python_setup_py'
[0.167s] Level 1:colcon.colcon_core.package_identification:_identify(src/holo_repo) by extensions ['ignore', 'ignore_ament_install']
[0.167s] Level 1:colcon.colcon_core.package_identification:_identify(src/holo_repo) by extension 'ignore'
[0.167s] Level 1:colcon.colcon_core.package_identification:_identify(src/holo_repo) by extension 'ignore_ament_install'
[0.167s] Level 1:colcon.colcon_core.package_identification:_identify(src/holo_repo) by extensions ['colcon_pkg']
[0.167s] Level 1:colcon.colcon_core.package_identification:_identify(src/holo_repo) by extension 'colcon_pkg'
[0.167s] Level 1:colcon.colcon_core.package_identification:_identify(src/holo_repo) by extensions ['colcon_meta']
[0.167s] Level 1:colcon.colcon_core.package_identification:_identify(src/holo_repo) by extension 'colcon_meta'
[0.167s] Level 1:colcon.colcon_core.package_identification:_identify(src/holo_repo) by extensions ['ros']
[0.167s] Level 1:colcon.colcon_core.package_identification:_identify(src/holo_repo) by extension 'ros'
[0.168s] Level 1:colcon.colcon_core.package_identification:_identify(src/holo_repo) by extensions ['cmake', 'python']
[0.168s] Level 1:colcon.colcon_core.package_identification:_identify(src/holo_repo) by extension 'cmake'
[0.168s] Level 1:colcon.colcon_core.package_identification:_identify(src/holo_repo) by extension 'python'
[0.168s] Level 1:colcon.colcon_core.package_identification:_identify(src/holo_repo) by extensions ['python_setup_py']
[0.168s] Level 1:colcon.colcon_core.package_identification:_identify(src/holo_repo) by extension 'python_setup_py'
[0.168s] Level 1:colcon.colcon_core.package_identification:_identify(src/holo_repo/log) by extensions ['ignore', 'ignore_ament_install']
[0.168s] Level 1:colcon.colcon_core.package_identification:_identify(src/holo_repo/log) by extension 'ignore'
[0.168s] Level 1:colcon.colcon_core.package_identification:_identify(src/holo_repo/log) by extension 'ignore_ament_install'
[0.168s] Level 1:colcon.colcon_core.package_identification:_identify(src/holo_repo/log) by extensions ['colcon_pkg']
[0.168s] Level 1:colcon.colcon_core.package_identification:_identify(src/holo_repo/log) by extension 'colcon_pkg'
[0.168s] Level 1:colcon.colcon_core.package_identification:_identify(src/holo_repo/log) by extensions ['colcon_meta']
[0.168s] Level 1:colcon.colcon_core.package_identification:_identify(src/holo_repo/log) by extension 'colcon_meta'
[0.168s] Level 1:colcon.colcon_core.package_identification:_identify(src/holo_repo/log) by extensions ['ros']
[0.168s] Level 1:colcon.colcon_core.package_identification:_identify(src/holo_repo/log) by extension 'ros'
[0.168s] Level 1:colcon.colcon_core.package_identification:_identify(src/holo_repo/log) by extensions ['cmake', 'python']
[0.168s] Level 1:colcon.colcon_core.package_identification:_identify(src/holo_repo/log) by extension 'cmake'
[0.168s] Level 1:colcon.colcon_core.package_identification:_identify(src/holo_repo/log) by extension 'python'
[0.168s] Level 1:colcon.colcon_core.package_identification:_identify(src/holo_repo/log) by extensions ['python_setup_py']
[0.168s] Level 1:colcon.colcon_core.package_identification:_identify(src/holo_repo/log) by extension 'python_setup_py'
[0.168s] Level 1:colcon.colcon_core.package_identification:_identify(src/holo_repo/log/build_2026-04-01_12-54-18) by extensions ['ignore', 'ignore_ament_install']
[0.168s] Level 1:colcon.colcon_core.package_identification:_identify(src/holo_repo/log/build_2026-04-01_12-54-18) by extension 'ignore'
[0.168s] Level 1:colcon.colcon_core.package_identification:_identify(src/holo_repo/log/build_2026-04-01_12-54-18) by extension 'ignore_ament_install'
[0.168s] Level 1:colcon.colcon_core.package_identification:_identify(src/holo_repo/log/build_2026-04-01_12-54-18) by extensions ['colcon_pkg']
[0.168s] Level 1:colcon.colcon_core.package_identification:_identify(src/holo_repo/log/build_2026-04-01_12-54-18) by extension 'colcon_pkg'
[0.168s] Level 1:colcon.colcon_core.package_identification:_identify(src/holo_repo/log/build_2026-04-01_12-54-18) by extensions ['colcon_meta']
[0.168s] Level 1:colcon.colcon_core.package_identification:_identify(src/holo_repo/log/build_2026-04-01_12-54-18) by extension 'colcon_meta'
[0.168s] Level 1:colcon.colcon_core.package_identification:_identify(src/holo_repo/log/build_2026-04-01_12-54-18) by extensions ['ros']
[0.168s] Level 1:colcon.colcon_core.package_identification:_identify(src/holo_repo/log/build_2026-04-01_12-54-18) by extension 'ros'
[0.168s] Level 1:colcon.colcon_core.package_identification:_identify(src/holo_repo/log/build_2026-04-01_12-54-18) by extensions ['cmake', 'python']
[0.168s] Level 1:colcon.colcon_core.package_identification:_identify(src/holo_repo/log/build_2026-04-01_12-54-18) by extension 'cmake'
[0.168s] Level 1:colcon.colcon_core.package_identification:_identify(src/holo_repo/log/build_2026-04-01_12-54-18) by extension 'python'
[0.168s] Level 1:colcon.colcon_core.package_identification:_identify(src/holo_repo/log/build_2026-04-01_12-54-18) by extensions ['python_setup_py']
[0.168s] Level 1:colcon.colcon_core.package_identification:_identify(src/holo_repo/log/build_2026-04-01_12-54-18) by extension 'python_setup_py'
[0.168s] Level 1:colcon.colcon_core.package_identification:_identify(src/holo_repo/log/build_2026-04-01_12-54-18/holoocean_ros2_bridge) by extensions ['ignore', 'ignore_ament_install']
[0.168s] Level 1:colcon.colcon_core.package_identification:_identify(src/holo_repo/log/build_2026-04-01_12-54-18/holoocean_ros2_bridge) by extension 'ignore'
[0.168s] Level 1:colcon.colcon_core.package_identification:_identify(src/holo_repo/log/build_2026-04-01_12-54-18/holoocean_ros2_bridge) by extension 'ignore_ament_install'
[0.168s] Level 1:colcon.colcon_core.package_identification:_identify(src/holo_repo/log/build_2026-04-01_12-54-18/holoocean_ros2_bridge) by extensions ['colcon_pkg']
[0.168s] Level 1:colcon.colcon_core.package_identification:_identify(src/holo_repo/log/build_2026-04-01_12-54-18/holoocean_ros2_bridge) by extension 'colcon_pkg'
[0.168s] Level 1:colcon.colcon_core.package_identification:_identify(src/holo_repo/log/build_2026-04-01_12-54-18/holoocean_ros2_bridge) by extensions ['colcon_meta']
[0.168s] Level 1:colcon.colcon_core.package_identification:_identify(src/holo_repo/log/build_2026-04-01_12-54-18/holoocean_ros2_bridge) by extension 'colcon_meta'
[0.168s] Level 1:colcon.colcon_core.package_identification:_identify(src/holo_repo/log/build_2026-04-01_12-54-18/holoocean_ros2_bridge) by extensions ['ros']
[0.168s] Level 1:colcon.colcon_core.package_identification:_identify(src/holo_repo/log/build_2026-04-01_12-54-18/holoocean_ros2_bridge) by extension 'ros'
[0.168s] Level 1:colcon.colcon_core.package_identification:_identify(src/holo_repo/log/build_2026-04-01_12-54-18/holoocean_ros2_bridge) by extensions ['cmake', 'python']
[0.169s] Level 1:colcon.colcon_core.package_identification:_identify(src/holo_repo/log/build_2026-04-01_12-54-18/holoocean_ros2_bridge) by extension 'cmake'
[0.169s] Level 1:colcon.colcon_core.package_identification:_identify(src/holo_repo/log/build_2026-04-01_12-54-18/holoocean_ros2_bridge) by extension 'python'
[0.169s] Level 1:colcon.colcon_core.package_identification:_identify(src/holo_repo/log/build_2026-04-01_12-54-18/holoocean_ros2_bridge) by extensions ['python_setup_py']
[0.169s] Level 1:colcon.colcon_core.package_identification:_identify(src/holo_repo/log/build_2026-04-01_12-54-18/holoocean_ros2_bridge) by extension 'python_setup_py'
[0.169s] Level 1:colcon.colcon_core.package_identification:_identify(src/holo_repo/src) by extensions ['ignore', 'ignore_ament_install']
[0.169s] Level 1:colcon.colcon_core.package_identification:_identify(src/holo_repo/src) by extension 'ignore'
[0.169s] Level 1:colcon.colcon_core.package_identification:_identify(src/holo_repo/src) by extension 'ignore_ament_install'
[0.169s] Level 1:colcon.colcon_core.package_identification:_identify(src/holo_repo/src) by extensions ['colcon_pkg']
[0.169s] Level 1:colcon.colcon_core.package_identification:_identify(src/holo_repo/src) by extension 'colcon_pkg'
[0.169s] Level 1:colcon.colcon_core.package_identification:_identify(src/holo_repo/src) by extensions ['colcon_meta']
[0.169s] Level 1:colcon.colcon_core.package_identification:_identify(src/holo_repo/src) by extension 'colcon_meta'
[0.169s] Level 1:colcon.colcon_core.package_identification:_identify(src/holo_repo/src) by extensions ['ros']
[0.169s] Level 1:colcon.colcon_core.package_identification:_identify(src/holo_repo/src) by extension 'ros'
[0.169s] Level 1:colcon.colcon_core.package_identification:_identify(src/holo_repo/src) by extensions ['cmake', 'python']
[0.169s] Level 1:colcon.colcon_core.package_identification:_identify(src/holo_repo/src) by extension 'cmake'
[0.169s] Level 1:colcon.colcon_core.package_identification:_identify(src/holo_repo/src) by extension 'python'
[0.169s] Level 1:colcon.colcon_core.package_identification:_identify(src/holo_repo/src) by extensions ['python_setup_py']
[0.169s] Level 1:colcon.colcon_core.package_identification:_identify(src/holo_repo/src) by extension 'python_setup_py'
[0.169s] Level 1:colcon.colcon_core.package_identification:_identify(src/holo_repo/src/holoocean_repo) by extensions ['ignore', 'ignore_ament_install']
[0.169s] Level 1:colcon.colcon_core.package_identification:_identify(src/holo_repo/src/holoocean_repo) by extension 'ignore'
[0.169s] Level 1:colcon.colcon_core.package_identification:_identify(src/holo_repo/src/holoocean_repo) by extension 'ignore_ament_install'
[0.169s] Level 1:colcon.colcon_core.package_identification:_identify(src/holo_repo/src/holoocean_repo) by extensions ['colcon_pkg']
[0.169s] Level 1:colcon.colcon_core.package_identification:_identify(src/holo_repo/src/holoocean_repo) by extension 'colcon_pkg'
[0.169s] Level 1:colcon.colcon_core.package_identification:_identify(src/holo_repo/src/holoocean_repo) by extensions ['colcon_meta']
[0.169s] Level 1:colcon.colcon_core.package_identification:_identify(src/holo_repo/src/holoocean_repo) by extension 'colcon_meta'
[0.169s] Level 1:colcon.colcon_core.package_identification:_identify(src/holo_repo/src/holoocean_repo) by extensions ['ros']
[0.169s] Level 1:colcon.colcon_core.package_identification:_identify(src/holo_repo/src/holoocean_repo) by extension 'ros'
[0.171s] DEBUG:colcon.colcon_core.package_identification:Package 'src/holo_repo/src/holoocean_repo' with type 'ros.ament_python' and name 'holoocean_ros2_bridge'
[0.171s] Level 1:colcon.colcon_core.package_identification:_identify(src/holoocean_ros2_bridge) by extensions ['ignore', 'ignore_ament_install']
[0.171s] Level 1:colcon.colcon_core.package_identification:_identify(src/holoocean_ros2_bridge) by extension 'ignore'
[0.171s] Level 1:colcon.colcon_core.package_identification:_identify(src/holoocean_ros2_bridge) by extension 'ignore_ament_install'
[0.171s] Level 1:colcon.colcon_core.package_identification:_identify(src/holoocean_ros2_bridge) by extensions ['colcon_pkg']
[0.171s] Level 1:colcon.colcon_core.package_identification:_identify(src/holoocean_ros2_bridge) by extension 'colcon_pkg'
[0.171s] Level 1:colcon.colcon_core.package_identification:_identify(src/holoocean_ros2_bridge) by extensions ['colcon_meta']
[0.171s] Level 1:colcon.colcon_core.package_identification:_identify(src/holoocean_ros2_bridge) by extension 'colcon_meta'
[0.171s] Level 1:colcon.colcon_core.package_identification:_identify(src/holoocean_ros2_bridge) by extensions ['ros']
[0.171s] Level 1:colcon.colcon_core.package_identification:_identify(src/holoocean_ros2_bridge) by extension 'ros'
[0.172s] DEBUG:colcon.colcon_core.package_identification:Package 'src/holoocean_ros2_bridge' with type 'ros.ament_python' and name 'holoocean_ros2_bridge'
[0.172s] Level 1:colcon.colcon_core.package_discovery:discover_packages(recursive) using defaults
[0.172s] Level 1:colcon.colcon_core.package_discovery:discover_packages(ignore) discover
[0.172s] Level 1:colcon.colcon_core.package_discovery:discover_packages(ignore) using defaults
[0.172s] Level 1:colcon.colcon_core.package_discovery:discover_packages(path) discover
[0.172s] Level 1:colcon.colcon_core.package_discovery:discover_packages(path) using defaults
[0.183s] Level 1:colcon.colcon_core.package_discovery:discover_packages(prefix_path) check parameters
[0.183s] Level 1:colcon.colcon_core.package_discovery:discover_packages(prefix_path) discover
[0.184s] DEBUG:colcon.colcon_installed_package_information.package_discovery:Found 273 installed packages in /opt/ros/humble
[0.185s] Level 1:colcon.colcon_core.package_discovery:discover_packages(prefix_path) using defaults
[0.205s] ERROR:colcon:colcon build: Duplicate package names not supported:
- holoocean_ros2_bridge:
  - src/holo_repo/src/holoocean_repo
  - src/holoocean_ros2_bridge
