[0.121s] DEBUG:colcon:Command line arguments: ['/usr/bin/colcon', 'build', '--packages-select', 'holoocean_ros2_bridge']
[0.121s] DEBUG:colcon:Parsed command line arguments: Namespace(log_base=None, log_level=None, verb_name='build', build_base='build', install_base='install', merge_install=False, symlink_install=False, test_result_base=None, continue_on_error=False, executor='parallel', parallel_workers=16, event_handlers=None, ignore_user_meta=False, metas=['./colcon.meta'], base_paths=['.'], packages_ignore=None, packages_ignore_regex=None, paths=None, packages_up_to=None, packages_up_to_regex=None, packages_above=None, packages_above_and_dependencies=None, packages_above_depth=None, packages_select_by_dep=None, packages_skip_by_dep=None, packages_skip_up_to=None, packages_select_build_failed=False, packages_skip_build_finished=False, packages_select_test_failures=False, packages_skip_test_passed=False, packages_select=['holoocean_ros2_bridge'], packages_skip=None, packages_select_regex=None, packages_skip_regex=None, packages_start=None, packages_end=None, allow_overriding=[], cmake_args=None, cmake_target=None, cmake_target_skip_unavailable=False, cmake_clean_cache=False, cmake_clean_first=False, cmake_force_configure=False, ament_cmake_args=None, catkin_cmake_args=None, catkin_skip_building_tests=False, verb_parser=<colcon_defaults.argument_parser.defaults.DefaultArgumentsDecorator object at 0x7af837b5c460>, verb_extension=<colcon_core.verb.build.BuildVerb object at 0x7af837c59f60>, main=<bound method BuildVerb.main of <colcon_core.verb.build.BuildVerb object at 0x7af837c59f60>>)
[0.338s] Level 1:colcon.colcon_core.package_discovery:discover_packages(colcon_meta) check parameters
[0.338s] Level 1:colcon.colcon_core.package_discovery:discover_packages(recursive) check parameters
[0.338s] Level 1:colcon.colcon_core.package_discovery:discover_packages(ignore) check parameters
[0.338s] Level 1:colcon.colcon_core.package_discovery:discover_packages(path) check parameters
[0.338s] Level 1:colcon.colcon_core.package_discovery:discover_packages(colcon_meta) discover
[0.338s] Level 1:colcon.colcon_core.package_discovery:discover_packages(recursive) discover
[0.338s] INFO:colcon.colcon_core.package_discovery:Crawling recursively for packages in '/home/asemiz/ros2_ws'
[0.338s] Level 1:colcon.colcon_core.package_identification:_identify(.) by extensions ['ignore', 'ignore_ament_install']
[0.338s] Level 1:colcon.colcon_core.package_identification:_identify(.) by extension 'ignore'
[0.339s] Level 1:colcon.colcon_core.package_identification:_identify(.) by extension 'ignore_ament_install'
[0.339s] Level 1:colcon.colcon_core.package_identification:_identify(.) by extensions ['colcon_pkg']
[0.339s] Level 1:colcon.colcon_core.package_identification:_identify(.) by extension 'colcon_pkg'
[0.339s] Level 1:colcon.colcon_core.package_identification:_identify(.) by extensions ['colcon_meta']
[0.339s] Level 1:colcon.colcon_core.package_identification:_identify(.) by extension 'colcon_meta'
[0.339s] Level 1:colcon.colcon_core.package_identification:_identify(.) by extensions ['ros']
[0.339s] Level 1:colcon.colcon_core.package_identification:_identify(.) by extension 'ros'
[0.373s] Level 1:colcon.colcon_core.package_identification:_identify(.) by extensions ['cmake', 'python']
[0.373s] Level 1:colcon.colcon_core.package_identification:_identify(.) by extension 'cmake'
[0.374s] Level 1:colcon.colcon_core.package_identification:_identify(.) by extension 'python'
[0.374s] Level 1:colcon.colcon_core.package_identification:_identify(.) by extensions ['python_setup_py']
[0.374s] Level 1:colcon.colcon_core.package_identification:_identify(.) by extension 'python_setup_py'
[0.374s] Level 1:colcon.colcon_core.package_identification:_identify(build) by extensions ['ignore', 'ignore_ament_install']
[0.374s] Level 1:colcon.colcon_core.package_identification:_identify(build) by extension 'ignore'
[0.374s] Level 1:colcon.colcon_core.package_identification:_identify(build) ignored
[0.374s] Level 1:colcon.colcon_core.package_identification:_identify(install) by extensions ['ignore', 'ignore_ament_install']
[0.374s] Level 1:colcon.colcon_core.package_identification:_identify(install) by extension 'ignore'
[0.374s] Level 1:colcon.colcon_core.package_identification:_identify(install) ignored
[0.374s] Level 1:colcon.colcon_core.package_identification:_identify(log) by extensions ['ignore', 'ignore_ament_install']
[0.374s] Level 1:colcon.colcon_core.package_identification:_identify(log) by extension 'ignore'
[0.374s] Level 1:colcon.colcon_core.package_identification:_identify(log) ignored
[0.374s] Level 1:colcon.colcon_core.package_identification:_identify(src) by extensions ['ignore', 'ignore_ament_install']
[0.374s] Level 1:colcon.colcon_core.package_identification:_identify(src) by extension 'ignore'
[0.374s] Level 1:colcon.colcon_core.package_identification:_identify(src) by extension 'ignore_ament_install'
[0.374s] Level 1:colcon.colcon_core.package_identification:_identify(src) by extensions ['colcon_pkg']
[0.375s] Level 1:colcon.colcon_core.package_identification:_identify(src) by extension 'colcon_pkg'
[0.375s] Level 1:colcon.colcon_core.package_identification:_identify(src) by extensions ['colcon_meta']
[0.375s] Level 1:colcon.colcon_core.package_identification:_identify(src) by extension 'colcon_meta'
[0.375s] Level 1:colcon.colcon_core.package_identification:_identify(src) by extensions ['ros']
[0.375s] Level 1:colcon.colcon_core.package_identification:_identify(src) by extension 'ros'
[0.375s] Level 1:colcon.colcon_core.package_identification:_identify(src) by extensions ['cmake', 'python']
[0.375s] Level 1:colcon.colcon_core.package_identification:_identify(src) by extension 'cmake'
[0.375s] Level 1:colcon.colcon_core.package_identification:_identify(src) by extension 'python'
[0.375s] Level 1:colcon.colcon_core.package_identification:_identify(src) by extensions ['python_setup_py']
[0.375s] Level 1:colcon.colcon_core.package_identification:_identify(src) by extension 'python_setup_py'
[0.375s] Level 1:colcon.colcon_core.package_identification:_identify(src/holo_repo) by extensions ['ignore', 'ignore_ament_install']
[0.375s] Level 1:colcon.colcon_core.package_identification:_identify(src/holo_repo) by extension 'ignore'
[0.375s] Level 1:colcon.colcon_core.package_identification:_identify(src/holo_repo) by extension 'ignore_ament_install'
[0.375s] Level 1:colcon.colcon_core.package_identification:_identify(src/holo_repo) by extensions ['colcon_pkg']
[0.375s] Level 1:colcon.colcon_core.package_identification:_identify(src/holo_repo) by extension 'colcon_pkg'
[0.375s] Level 1:colcon.colcon_core.package_identification:_identify(src/holo_repo) by extensions ['colcon_meta']
[0.375s] Level 1:colcon.colcon_core.package_identification:_identify(src/holo_repo) by extension 'colcon_meta'
[0.375s] Level 1:colcon.colcon_core.package_identification:_identify(src/holo_repo) by extensions ['ros']
[0.375s] Level 1:colcon.colcon_core.package_identification:_identify(src/holo_repo) by extension 'ros'
[0.375s] Level 1:colcon.colcon_core.package_identification:_identify(src/holo_repo) by extensions ['cmake', 'python']
[0.375s] Level 1:colcon.colcon_core.package_identification:_identify(src/holo_repo) by extension 'cmake'
[0.375s] Level 1:colcon.colcon_core.package_identification:_identify(src/holo_repo) by extension 'python'
[0.375s] Level 1:colcon.colcon_core.package_identification:_identify(src/holo_repo) by extensions ['python_setup_py']
[0.375s] Level 1:colcon.colcon_core.package_identification:_identify(src/holo_repo) by extension 'python_setup_py'
[0.376s] Level 1:colcon.colcon_core.package_identification:_identify(src/holo_repo/log) by extensions ['ignore', 'ignore_ament_install']
[0.376s] Level 1:colcon.colcon_core.package_identification:_identify(src/holo_repo/log) by extension 'ignore'
[0.376s] Level 1:colcon.colcon_core.package_identification:_identify(src/holo_repo/log) by extension 'ignore_ament_install'
[0.376s] Level 1:colcon.colcon_core.package_identification:_identify(src/holo_repo/log) by extensions ['colcon_pkg']
[0.376s] Level 1:colcon.colcon_core.package_identification:_identify(src/holo_repo/log) by extension 'colcon_pkg'
[0.376s] Level 1:colcon.colcon_core.package_identification:_identify(src/holo_repo/log) by extensions ['colcon_meta']
[0.376s] Level 1:colcon.colcon_core.package_identification:_identify(src/holo_repo/log) by extension 'colcon_meta'
[0.376s] Level 1:colcon.colcon_core.package_identification:_identify(src/holo_repo/log) by extensions ['ros']
[0.376s] Level 1:colcon.colcon_core.package_identification:_identify(src/holo_repo/log) by extension 'ros'
[0.376s] Level 1:colcon.colcon_core.package_identification:_identify(src/holo_repo/log) by extensions ['cmake', 'python']
[0.376s] Level 1:colcon.colcon_core.package_identification:_identify(src/holo_repo/log) by extension 'cmake'
[0.376s] Level 1:colcon.colcon_core.package_identification:_identify(src/holo_repo/log) by extension 'python'
[0.376s] Level 1:colcon.colcon_core.package_identification:_identify(src/holo_repo/log) by extensions ['python_setup_py']
[0.376s] Level 1:colcon.colcon_core.package_identification:_identify(src/holo_repo/log) by extension 'python_setup_py'
[0.376s] Level 1:colcon.colcon_core.package_identification:_identify(src/holo_repo/log/build_2026-04-01_12-54-18) by extensions ['ignore', 'ignore_ament_install']
[0.376s] Level 1:colcon.colcon_core.package_identification:_identify(src/holo_repo/log/build_2026-04-01_12-54-18) by extension 'ignore'
[0.376s] Level 1:colcon.colcon_core.package_identification:_identify(src/holo_repo/log/build_2026-04-01_12-54-18) by extension 'ignore_ament_install'
[0.377s] Level 1:colcon.colcon_core.package_identification:_identify(src/holo_repo/log/build_2026-04-01_12-54-18) by extensions ['colcon_pkg']
[0.377s] Level 1:colcon.colcon_core.package_identification:_identify(src/holo_repo/log/build_2026-04-01_12-54-18) by extension 'colcon_pkg'
[0.377s] Level 1:colcon.colcon_core.package_identification:_identify(src/holo_repo/log/build_2026-04-01_12-54-18) by extensions ['colcon_meta']
[0.377s] Level 1:colcon.colcon_core.package_identification:_identify(src/holo_repo/log/build_2026-04-01_12-54-18) by extension 'colcon_meta'
[0.377s] Level 1:colcon.colcon_core.package_identification:_identify(src/holo_repo/log/build_2026-04-01_12-54-18) by extensions ['ros']
[0.377s] Level 1:colcon.colcon_core.package_identification:_identify(src/holo_repo/log/build_2026-04-01_12-54-18) by extension 'ros'
[0.377s] Level 1:colcon.colcon_core.package_identification:_identify(src/holo_repo/log/build_2026-04-01_12-54-18) by extensions ['cmake', 'python']
[0.377s] Level 1:colcon.colcon_core.package_identification:_identify(src/holo_repo/log/build_2026-04-01_12-54-18) by extension 'cmake'
[0.377s] Level 1:colcon.colcon_core.package_identification:_identify(src/holo_repo/log/build_2026-04-01_12-54-18) by extension 'python'
[0.377s] Level 1:colcon.colcon_core.package_identification:_identify(src/holo_repo/log/build_2026-04-01_12-54-18) by extensions ['python_setup_py']
[0.377s] Level 1:colcon.colcon_core.package_identification:_identify(src/holo_repo/log/build_2026-04-01_12-54-18) by extension 'python_setup_py'
[0.377s] Level 1:colcon.colcon_core.package_identification:_identify(src/holo_repo/log/build_2026-04-01_12-54-18/holoocean_ros2_bridge) by extensions ['ignore', 'ignore_ament_install']
[0.377s] Level 1:colcon.colcon_core.package_identification:_identify(src/holo_repo/log/build_2026-04-01_12-54-18/holoocean_ros2_bridge) by extension 'ignore'
[0.377s] Level 1:colcon.colcon_core.package_identification:_identify(src/holo_repo/log/build_2026-04-01_12-54-18/holoocean_ros2_bridge) by extension 'ignore_ament_install'
[0.377s] Level 1:colcon.colcon_core.package_identification:_identify(src/holo_repo/log/build_2026-04-01_12-54-18/holoocean_ros2_bridge) by extensions ['colcon_pkg']
[0.377s] Level 1:colcon.colcon_core.package_identification:_identify(src/holo_repo/log/build_2026-04-01_12-54-18/holoocean_ros2_bridge) by extension 'colcon_pkg'
[0.377s] Level 1:colcon.colcon_core.package_identification:_identify(src/holo_repo/log/build_2026-04-01_12-54-18/holoocean_ros2_bridge) by extensions ['colcon_meta']
[0.377s] Level 1:colcon.colcon_core.package_identification:_identify(src/holo_repo/log/build_2026-04-01_12-54-18/holoocean_ros2_bridge) by extension 'colcon_meta'
[0.377s] Level 1:colcon.colcon_core.package_identification:_identify(src/holo_repo/log/build_2026-04-01_12-54-18/holoocean_ros2_bridge) by extensions ['ros']
[0.377s] Level 1:colcon.colcon_core.package_identification:_identify(src/holo_repo/log/build_2026-04-01_12-54-18/holoocean_ros2_bridge) by extension 'ros'
[0.378s] Level 1:colcon.colcon_core.package_identification:_identify(src/holo_repo/log/build_2026-04-01_12-54-18/holoocean_ros2_bridge) by extensions ['cmake', 'python']
[0.378s] Level 1:colcon.colcon_core.package_identification:_identify(src/holo_repo/log/build_2026-04-01_12-54-18/holoocean_ros2_bridge) by extension 'cmake'
[0.378s] Level 1:colcon.colcon_core.package_identification:_identify(src/holo_repo/log/build_2026-04-01_12-54-18/holoocean_ros2_bridge) by extension 'python'
[0.378s] Level 1:colcon.colcon_core.package_identification:_identify(src/holo_repo/log/build_2026-04-01_12-54-18/holoocean_ros2_bridge) by extensions ['python_setup_py']
[0.378s] Level 1:colcon.colcon_core.package_identification:_identify(src/holo_repo/log/build_2026-04-01_12-54-18/holoocean_ros2_bridge) by extension 'python_setup_py'
[0.378s] Level 1:colcon.colcon_core.package_identification:_identify(src/holo_repo/src) by extensions ['ignore', 'ignore_ament_install']
[0.378s] Level 1:colcon.colcon_core.package_identification:_identify(src/holo_repo/src) by extension 'ignore'
[0.378s] Level 1:colcon.colcon_core.package_identification:_identify(src/holo_repo/src) by extension 'ignore_ament_install'
[0.378s] Level 1:colcon.colcon_core.package_identification:_identify(src/holo_repo/src) by extensions ['colcon_pkg']
[0.378s] Level 1:colcon.colcon_core.package_identification:_identify(src/holo_repo/src) by extension 'colcon_pkg'
[0.378s] Level 1:colcon.colcon_core.package_identification:_identify(src/holo_repo/src) by extensions ['colcon_meta']
[0.378s] Level 1:colcon.colcon_core.package_identification:_identify(src/holo_repo/src) by extension 'colcon_meta'
[0.378s] Level 1:colcon.colcon_core.package_identification:_identify(src/holo_repo/src) by extensions ['ros']
[0.378s] Level 1:colcon.colcon_core.package_identification:_identify(src/holo_repo/src) by extension 'ros'
[0.378s] Level 1:colcon.colcon_core.package_identification:_identify(src/holo_repo/src) by extensions ['cmake', 'python']
[0.378s] Level 1:colcon.colcon_core.package_identification:_identify(src/holo_repo/src) by extension 'cmake'
[0.378s] Level 1:colcon.colcon_core.package_identification:_identify(src/holo_repo/src) by extension 'python'
[0.378s] Level 1:colcon.colcon_core.package_identification:_identify(src/holo_repo/src) by extensions ['python_setup_py']
[0.378s] Level 1:colcon.colcon_core.package_identification:_identify(src/holo_repo/src) by extension 'python_setup_py'
[0.378s] Level 1:colcon.colcon_core.package_identification:_identify(src/holo_repo/src/holoocean_repo) by extensions ['ignore', 'ignore_ament_install']
[0.378s] Level 1:colcon.colcon_core.package_identification:_identify(src/holo_repo/src/holoocean_repo) by extension 'ignore'
[0.378s] Level 1:colcon.colcon_core.package_identification:_identify(src/holo_repo/src/holoocean_repo) by extension 'ignore_ament_install'
[0.378s] Level 1:colcon.colcon_core.package_identification:_identify(src/holo_repo/src/holoocean_repo) by extensions ['colcon_pkg']
[0.379s] Level 1:colcon.colcon_core.package_identification:_identify(src/holo_repo/src/holoocean_repo) by extension 'colcon_pkg'
[0.379s] Level 1:colcon.colcon_core.package_identification:_identify(src/holo_repo/src/holoocean_repo) by extensions ['colcon_meta']
[0.379s] Level 1:colcon.colcon_core.package_identification:_identify(src/holo_repo/src/holoocean_repo) by extension 'colcon_meta'
[0.379s] Level 1:colcon.colcon_core.package_identification:_identify(src/holo_repo/src/holoocean_repo) by extensions ['ros']
[0.379s] Level 1:colcon.colcon_core.package_identification:_identify(src/holo_repo/src/holoocean_repo) by extension 'ros'
[0.382s] DEBUG:colcon.colcon_core.package_identification:Package 'src/holo_repo/src/holoocean_repo' with type 'ros.ament_python' and name 'holoocean_ros2_bridge'
[0.382s] Level 1:colcon.colcon_core.package_discovery:discover_packages(recursive) using defaults
[0.382s] Level 1:colcon.colcon_core.package_discovery:discover_packages(ignore) discover
[0.382s] Level 1:colcon.colcon_core.package_discovery:discover_packages(ignore) using defaults
[0.382s] Level 1:colcon.colcon_core.package_discovery:discover_packages(path) discover
[0.382s] Level 1:colcon.colcon_core.package_discovery:discover_packages(path) using defaults
[0.403s] Level 1:colcon.colcon_core.package_discovery:discover_packages(prefix_path) check parameters
[0.403s] Level 1:colcon.colcon_core.package_discovery:discover_packages(prefix_path) discover
[0.406s] DEBUG:colcon.colcon_installed_package_information.package_discovery:Found 273 installed packages in /opt/ros/humble
[0.408s] Level 1:colcon.colcon_core.package_discovery:discover_packages(prefix_path) using defaults
[0.441s] Level 5:colcon.colcon_core.verb:set package 'holoocean_ros2_bridge' build argument 'cmake_args' from command line to 'None'
[0.441s] Level 5:colcon.colcon_core.verb:set package 'holoocean_ros2_bridge' build argument 'cmake_target' from command line to 'None'
[0.441s] Level 5:colcon.colcon_core.verb:set package 'holoocean_ros2_bridge' build argument 'cmake_target_skip_unavailable' from command line to 'False'
[0.441s] Level 5:colcon.colcon_core.verb:set package 'holoocean_ros2_bridge' build argument 'cmake_clean_cache' from command line to 'False'
[0.441s] Level 5:colcon.colcon_core.verb:set package 'holoocean_ros2_bridge' build argument 'cmake_clean_first' from command line to 'False'
[0.441s] Level 5:colcon.colcon_core.verb:set package 'holoocean_ros2_bridge' build argument 'cmake_force_configure' from command line to 'False'
[0.441s] Level 5:colcon.colcon_core.verb:set package 'holoocean_ros2_bridge' build argument 'ament_cmake_args' from command line to 'None'
[0.441s] Level 5:colcon.colcon_core.verb:set package 'holoocean_ros2_bridge' build argument 'catkin_cmake_args' from command line to 'None'
[0.441s] Level 5:colcon.colcon_core.verb:set package 'holoocean_ros2_bridge' build argument 'catkin_skip_building_tests' from command line to 'False'
[0.441s] DEBUG:colcon.colcon_core.verb:Building package 'holoocean_ros2_bridge' with the following arguments: {'ament_cmake_args': None, 'build_base': '/home/asemiz/ros2_ws/build/holoocean_ros2_bridge', 'catkin_cmake_args': None, 'catkin_skip_building_tests': False, 'cmake_args': None, 'cmake_clean_cache': False, 'cmake_clean_first': False, 'cmake_force_configure': False, 'cmake_target': None, 'cmake_target_skip_unavailable': False, 'install_base': '/home/asemiz/ros2_ws/install/holoocean_ros2_bridge', 'merge_install': False, 'path': '/home/asemiz/ros2_ws/src/holo_repo/src/holoocean_repo', 'symlink_install': False, 'test_result_base': None}
[0.441s] INFO:colcon.colcon_core.executor:Executing jobs using 'parallel' executor
[0.442s] DEBUG:colcon.colcon_parallel_executor.executor.parallel:run_until_complete
[0.442s] INFO:colcon.colcon_ros.task.ament_python.build:Building ROS package in '/home/asemiz/ros2_ws/src/holo_repo/src/holoocean_repo' with build type 'ament_python'
[0.442s] Level 1:colcon.colcon_core.shell:create_environment_hook('holoocean_ros2_bridge', 'ament_prefix_path')
[0.446s] INFO:colcon.colcon_core.plugin_system:Skipping extension 'colcon_core.shell.bat': Not used on non-Windows systems
[0.446s] INFO:colcon.colcon_core.shell:Creating environment hook '/home/asemiz/ros2_ws/install/holoocean_ros2_bridge/share/holoocean_ros2_bridge/hook/ament_prefix_path.ps1'
[0.447s] INFO:colcon.colcon_core.shell:Creating environment descriptor '/home/asemiz/ros2_ws/install/holoocean_ros2_bridge/share/holoocean_ros2_bridge/hook/ament_prefix_path.dsv'
[0.447s] INFO:colcon.colcon_core.shell:Creating environment hook '/home/asemiz/ros2_ws/install/holoocean_ros2_bridge/share/holoocean_ros2_bridge/hook/ament_prefix_path.sh'
[0.448s] INFO:colcon.colcon_core.shell:Skip shell extension 'powershell' for command environment: Not usable outside of PowerShell
[0.448s] DEBUG:colcon.colcon_core.shell:Skip shell extension 'dsv' for command environment
[0.661s] INFO:colcon.colcon_core.task.python.build:Building Python package in '/home/asemiz/ros2_ws/src/holo_repo/src/holoocean_repo'
[0.662s] INFO:colcon.colcon_core.shell:Skip shell extension 'powershell' for command environment: Not usable outside of PowerShell
[0.662s] DEBUG:colcon.colcon_core.shell:Skip shell extension 'dsv' for command environment
[0.900s] DEBUG:colcon.colcon_core.event_handler.log_command:Invoking command in '/home/asemiz/ros2_ws/src/holo_repo/src/holoocean_repo': PYTHONPATH=/home/asemiz/ros2_ws/build/holoocean_ros2_bridge/prefix_override:/usr/lib/python3/dist-packages/colcon_core/task/python/colcon_distutils_commands:/home/asemiz/ros2_ws/install/holoocean_ros2_bridge/lib/python3.10/site-packages:${PYTHONPATH} /usr/bin/python3 -W ignore:setup.py install is deprecated -W ignore:easy_install command is deprecated setup.py egg_info --egg-base ../../../../build/holoocean_ros2_bridge build --build-base /home/asemiz/ros2_ws/build/holoocean_ros2_bridge/build install --record /home/asemiz/ros2_ws/build/holoocean_ros2_bridge/install.log --single-version-externally-managed install_data
[1.080s] DEBUG:colcon.colcon_core.event_handler.log_command:Invoked command in '/home/asemiz/ros2_ws/src/holo_repo/src/holoocean_repo' returned '0': PYTHONPATH=/home/asemiz/ros2_ws/build/holoocean_ros2_bridge/prefix_override:/usr/lib/python3/dist-packages/colcon_core/task/python/colcon_distutils_commands:/home/asemiz/ros2_ws/install/holoocean_ros2_bridge/lib/python3.10/site-packages:${PYTHONPATH} /usr/bin/python3 -W ignore:setup.py install is deprecated -W ignore:easy_install command is deprecated setup.py egg_info --egg-base ../../../../build/holoocean_ros2_bridge build --build-base /home/asemiz/ros2_ws/build/holoocean_ros2_bridge/build install --record /home/asemiz/ros2_ws/build/holoocean_ros2_bridge/install.log --single-version-externally-managed install_data
[1.084s] Level 1:colcon.colcon_core.environment:checking '/home/asemiz/ros2_ws/install/holoocean_ros2_bridge' for CMake module files
[1.084s] Level 1:colcon.colcon_core.environment:checking '/home/asemiz/ros2_ws/install/holoocean_ros2_bridge' for CMake config files
[1.085s] Level 1:colcon.colcon_core.environment:checking '/home/asemiz/ros2_ws/install/holoocean_ros2_bridge/lib'
[1.085s] Level 1:colcon.colcon_core.environment:checking '/home/asemiz/ros2_ws/install/holoocean_ros2_bridge/bin'
[1.085s] Level 1:colcon.colcon_core.environment:checking '/home/asemiz/ros2_ws/install/holoocean_ros2_bridge/lib/pkgconfig/holoocean_ros2_bridge.pc'
[1.086s] Level 1:colcon.colcon_core.environment:checking '/home/asemiz/ros2_ws/install/holoocean_ros2_bridge/lib/python3.10/site-packages'
[1.086s] Level 1:colcon.colcon_core.shell:create_environment_hook('holoocean_ros2_bridge', 'pythonpath')
[1.086s] INFO:colcon.colcon_core.shell:Creating environment hook '/home/asemiz/ros2_ws/install/holoocean_ros2_bridge/share/holoocean_ros2_bridge/hook/pythonpath.ps1'
[1.086s] INFO:colcon.colcon_core.shell:Creating environment descriptor '/home/asemiz/ros2_ws/install/holoocean_ros2_bridge/share/holoocean_ros2_bridge/hook/pythonpath.dsv'
[1.087s] INFO:colcon.colcon_core.shell:Creating environment hook '/home/asemiz/ros2_ws/install/holoocean_ros2_bridge/share/holoocean_ros2_bridge/hook/pythonpath.sh'
[1.087s] Level 1:colcon.colcon_core.environment:checking '/home/asemiz/ros2_ws/install/holoocean_ros2_bridge/bin'
[1.087s] Level 1:colcon.colcon_core.environment:create_environment_scripts_only(holoocean_ros2_bridge)
[1.087s] INFO:colcon.colcon_core.shell:Creating package script '/home/asemiz/ros2_ws/install/holoocean_ros2_bridge/share/holoocean_ros2_bridge/package.ps1'
[1.089s] INFO:colcon.colcon_core.shell:Creating package descriptor '/home/asemiz/ros2_ws/install/holoocean_ros2_bridge/share/holoocean_ros2_bridge/package.dsv'
[1.089s] INFO:colcon.colcon_core.shell:Creating package script '/home/asemiz/ros2_ws/install/holoocean_ros2_bridge/share/holoocean_ros2_bridge/package.sh'
[1.090s] INFO:colcon.colcon_core.shell:Creating package script '/home/asemiz/ros2_ws/install/holoocean_ros2_bridge/share/holoocean_ros2_bridge/package.bash'
[1.091s] INFO:colcon.colcon_core.shell:Creating package script '/home/asemiz/ros2_ws/install/holoocean_ros2_bridge/share/holoocean_ros2_bridge/package.zsh'
[1.092s] Level 1:colcon.colcon_core.environment:create_file_with_runtime_dependencies(/home/asemiz/ros2_ws/install/holoocean_ros2_bridge/share/colcon-core/packages/holoocean_ros2_bridge)
[1.092s] DEBUG:colcon.colcon_parallel_executor.executor.parallel:closing loop
[1.092s] DEBUG:colcon.colcon_parallel_executor.executor.parallel:loop closed
[1.092s] DEBUG:colcon.colcon_parallel_executor.executor.parallel:run_until_complete finished with '0'
[1.092s] DEBUG:colcon.colcon_core.event_reactor:joining thread
[1.099s] INFO:colcon.colcon_core.plugin_system:Skipping extension 'colcon_notification.desktop_notification.terminal_notifier': Not used on non-Darwin systems
[1.099s] INFO:colcon.colcon_core.plugin_system:Skipping extension 'colcon_notification.desktop_notification.win32': Not used on non-Windows systems
[1.099s] INFO:colcon.colcon_notification.desktop_notification:Sending desktop notification using 'notify2'
[1.118s] DEBUG:colcon.colcon_core.event_reactor:joined thread
[1.119s] INFO:colcon.colcon_core.shell:Creating prefix script '/home/asemiz/ros2_ws/install/local_setup.ps1'
[1.120s] INFO:colcon.colcon_core.shell:Creating prefix util module '/home/asemiz/ros2_ws/install/_local_setup_util_ps1.py'
[1.121s] INFO:colcon.colcon_core.shell:Creating prefix chain script '/home/asemiz/ros2_ws/install/setup.ps1'
[1.122s] INFO:colcon.colcon_core.shell:Creating prefix script '/home/asemiz/ros2_ws/install/local_setup.sh'
[1.123s] INFO:colcon.colcon_core.shell:Creating prefix util module '/home/asemiz/ros2_ws/install/_local_setup_util_sh.py'
[1.123s] INFO:colcon.colcon_core.shell:Creating prefix chain script '/home/asemiz/ros2_ws/install/setup.sh'
[1.124s] INFO:colcon.colcon_core.shell:Creating prefix script '/home/asemiz/ros2_ws/install/local_setup.bash'
[1.125s] INFO:colcon.colcon_core.shell:Creating prefix chain script '/home/asemiz/ros2_ws/install/setup.bash'
[1.126s] INFO:colcon.colcon_core.shell:Creating prefix script '/home/asemiz/ros2_ws/install/local_setup.zsh'
[1.126s] INFO:colcon.colcon_core.shell:Creating prefix chain script '/home/asemiz/ros2_ws/install/setup.zsh'
