[0.313s] Invoking command in '/home/asemiz/ros2_ws/src/holoocean_ros2_bridge': PYTHONPATH=/home/asemiz/ros2_ws/build/holoocean_ros2_bridge/prefix_override:/usr/lib/python3/dist-packages/colcon_core/task/python/colcon_distutils_commands:/home/asemiz/ros2_ws/install/holoocean_ros2_bridge/lib/python3.10/site-packages:${PYTHONPATH} /usr/bin/python3 -W ignore:setup.py install is deprecated -W ignore:easy_install command is deprecated setup.py egg_info --egg-base ../../build/holoocean_ros2_bridge build --build-base /home/asemiz/ros2_ws/build/holoocean_ros2_bridge/build install --record /home/asemiz/ros2_ws/build/holoocean_ros2_bridge/install.log --single-version-externally-managed install_data
[0.432s] running egg_info
[0.432s] writing ../../build/holoocean_ros2_bridge/holoocean_ros2_bridge.egg-info/PKG-INFO
[0.432s] writing dependency_links to ../../build/holoocean_ros2_bridge/holoocean_ros2_bridge.egg-info/dependency_links.txt
[0.432s] writing entry points to ../../build/holoocean_ros2_bridge/holoocean_ros2_bridge.egg-info/entry_points.txt
[0.432s] writing requirements to ../../build/holoocean_ros2_bridge/holoocean_ros2_bridge.egg-info/requires.txt
[0.433s] writing top-level names to ../../build/holoocean_ros2_bridge/holoocean_ros2_bridge.egg-info/top_level.txt
[0.433s] reading manifest file '../../build/holoocean_ros2_bridge/holoocean_ros2_bridge.egg-info/SOURCES.txt'
[0.434s] writing manifest file '../../build/holoocean_ros2_bridge/holoocean_ros2_bridge.egg-info/SOURCES.txt'
[0.434s] running build
[0.434s] running build_py
[0.434s] running install
[0.434s] running install_lib
[0.435s] running install_data
[0.435s] copying config/surface_mapping_scenario.json -> /home/asemiz/ros2_ws/install/holoocean_ros2_bridge/share/holoocean_ros2_bridge/config
[0.435s] running install_egg_info
[0.436s] removing '/home/asemiz/ros2_ws/install/holoocean_ros2_bridge/lib/python3.10/site-packages/holoocean_ros2_bridge-1.0.0-py3.10.egg-info' (and everything under it)
[0.436s] Copying ../../build/holoocean_ros2_bridge/holoocean_ros2_bridge.egg-info to /home/asemiz/ros2_ws/install/holoocean_ros2_bridge/lib/python3.10/site-packages/holoocean_ros2_bridge-1.0.0-py3.10.egg-info
[0.437s] running install_scripts
[0.448s] Installing holoocean_bridge script to /home/asemiz/ros2_ws/install/holoocean_ros2_bridge/lib/holoocean_ros2_bridge
[0.448s] Installing vessel_teleop script to /home/asemiz/ros2_ws/install/holoocean_ros2_bridge/lib/holoocean_ros2_bridge
[0.448s] writing list of installed files to '/home/asemiz/ros2_ws/build/holoocean_ros2_bridge/install.log'
[0.459s] Invoked command in '/home/asemiz/ros2_ws/src/holoocean_ros2_bridge' returned '0': PYTHONPATH=/home/asemiz/ros2_ws/build/holoocean_ros2_bridge/prefix_override:/usr/lib/python3/dist-packages/colcon_core/task/python/colcon_distutils_commands:/home/asemiz/ros2_ws/install/holoocean_ros2_bridge/lib/python3.10/site-packages:${PYTHONPATH} /usr/bin/python3 -W ignore:setup.py install is deprecated -W ignore:easy_install command is deprecated setup.py egg_info --egg-base ../../build/holoocean_ros2_bridge build --build-base /home/asemiz/ros2_ws/build/holoocean_ros2_bridge/build install --record /home/asemiz/ros2_ws/build/holoocean_ros2_bridge/install.log --single-version-externally-managed install_data
